123456
12345
Azxcvb009ewq
Azxcv009ewq
f0558387372
Zxcv009ewq
123456789
Zcxv009ewq
ewq$$$321
zxcv009ewq
password
iloveyou
princess
1234567
rockyou
12345678
abc123
nicole
daniel
babygirl
monkey
lovely
654321
000000
password1
123123
1234567890
6422
121212
112233
555555
princess1
789456
999999
7777777
159753
222222
00000
55555
8888888
888888
456789
0123456789
789456123
123654
777777
101010
love123
love1234
696969
131313
333333
246810
12345678910
232323
159357
252525
123456a
123456f
147258369
147258
147852
147852
456123
212121
999999999
010203
123789
123qwe
012345
012345678
151515
202020
password2
11111111
xxxxxx
741852963
098765
00000000
242424
0987654321
xbox360
87654321
147852369
ILOVEYOU
143143
181818
love4ever
1234
aaaaa
sexy123
11223344
753951
12341234
9876543210
hello123
PRINCESS
22222
lucky13
0101010
0000000000
171717
1435254
142536
1111111111
124578
080808
161616
a12345
password123
0000000
12345a
282828
111222
234567
77777
blue123
134679
070707
262626
191919
love69
159951
seven7
asdfjkl;
ABC123
1212312121
